c:\users\hassi\source\repos\graphalgorithms\graphalgorithms\debug\graphalgorithms.pch
c:\users\hassi\source\repos\graphalgorithms\graphalgorithms\debug\vc141.pdb
c:\users\hassi\source\repos\graphalgorithms\graphalgorithms\debug\vc141.idb
c:\users\hassi\source\repos\graphalgorithms\graphalgorithms\debug\pch.obj
c:\users\hassi\source\repos\graphalgorithms\graphalgorithms\debug\primalgorithm.obj
c:\users\hassi\source\repos\graphalgorithms\graphalgorithms\debug\main.obj
c:\users\hassi\source\repos\graphalgorithms\graphalgorithms\debug\kruskal.obj
c:\users\hassi\source\repos\graphalgorithms\graphalgorithms\debug\graph.obj
c:\users\hassi\source\repos\graphalgorithms\graphalgorithms\debug\djikstra.obj
c:\users\hassi\source\repos\graphalgorithms\graphalgorithms\debug\bellmanford.obj
c:\users\hassi\source\repos\graphalgorithms\graphalgorithms\debug\floyd.obj
c:\users\hassi\source\repos\graphalgorithms\debug\graphalgorithms.exe
c:\users\hassi\source\repos\graphalgorithms\debug\graphalgorithms.ilk
c:\users\hassi\source\repos\graphalgorithms\debug\graphalgorithms.pdb
c:\users\hassi\source\repos\graphalgorithms\graphalgorithms\debug\djikstra.obj.enc
c:\users\hassi\source\repos\graphalgorithms\graphalgorithms\debug\kruskal.obj.enc
c:\users\hassi\source\repos\graphalgorithms\graphalgorithms\debug\graphalgorithms.tlog\cl.command.1.tlog
c:\users\hassi\source\repos\graphalgorithms\graphalgorithms\debug\graphalgorithms.tlog\cl.read.1.tlog
c:\users\hassi\source\repos\graphalgorithms\graphalgorithms\debug\graphalgorithms.tlog\cl.write.1.tlog
c:\users\hassi\source\repos\graphalgorithms\graphalgorithms\debug\graphalgorithms.tlog\link.command.1.tlog
c:\users\hassi\source\repos\graphalgorithms\graphalgorithms\debug\graphalgorithms.tlog\link.read.1.tlog
c:\users\hassi\source\repos\graphalgorithms\graphalgorithms\debug\graphalgorithms.tlog\link.write.1.tlog
